Using pre-set license
Built from '2020.3/staging' branch; Version is '2020.3.21f1 (a38c86f6690f) revision 10718342'; Using compiler version '192528614'; Build Type 'Release'
OS: 'Windows 10 Home; OS build 19042.1348; Version 2009; 64bit' Language: 'en' Physical Memory: 16344 MB
BatchMode: 1, IsHumanControllingUs: 0, StartBugReporterOnCrash: 0, Is64bit: 1, IsPro: 0

COMMAND LINE ARGUMENTS:
C:\Program Files\Unity\Hub\Editor\2020.3.21f1\Editor\Unity.exe
-adb2
-batchMode
-noUpm
-name
AssetImportWorker0
-projectPath
C:/Users/noahc/OneDrive/Documents/GMD210/2D TRPG Idea
-logFile
Logs/AssetImportWorker0.log
-srvPort
55388
Successfully changed project path to: C:/Users/noahc/OneDrive/Documents/GMD210/2D TRPG Idea
C:/Users/noahc/OneDrive/Documents/GMD210/2D TRPG Idea
Using Asset Import Pipeline V2.
Refreshing native plugins compatible for Editor in 63.60 ms, found 3 plugins.
Preloading 0 native plugins for Editor in 0.00 ms.
Initialize engine version: 2020.3.21f1 (a38c86f6690f)
[Subsystems] Discovering subsystems at path C:/Program Files/Unity/Hub/Editor/2020.3.21f1/Editor/Data/Resources/UnitySubsystems
[Subsystems] Discovering subsystems at path C:/Users/noahc/OneDrive/Documents/GMD210/2D TRPG Idea/Assets
GfxDevice: creating device client; threaded=0
Direct3D:
    Version:  Direct3D 11.0 [level 11.1]
    Renderer: NVIDIA GeForce GTX 1050 Ti (ID=0x1c82)
    Vendor:   
    VRAM:     4018 MB
    Driver:   30.0.14.9649
Initialize mono
Mono path[0] = 'C:/Program Files/Unity/Hub/Editor/2020.3.21f1/Editor/Data/Managed'
Mono path[1] = 'C:/Program Files/Unity/Hub/Editor/2020.3.21f1/Editor/Data/MonoBleedingEdge/lib/mono/unityjit'
Mono config path = 'C:/Program Files/Unity/Hub/Editor/2020.3.21f1/Editor/Data/MonoBleedingEdge/etc'
Using monoOptions --debugger-agent=transport=dt_socket,embedding=1,server=y,suspend=n,address=127.0.0.1:56020
Begin MonoManager ReloadAssembly
Registering precompiled unity dll's ...
Register platform support module: C:/Program Files/Unity/Hub/Editor/2020.3.21f1/Editor/Data/PlaybackEngines/WindowsStandaloneSupport/UnityEditor.WindowsStandalone.Extensions.dll
Registered in 0.002448 seconds.
Native extension for WindowsStandalone target not found
Refreshing native plugins compatible for Editor in 60.78 ms, found 3 plugins.
Preloading 0 native plugins for Editor in 0.00 ms.
Mono: successfully reloaded assembly
- Completed reload, in  1.583 seconds
Domain Reload Profiling:
	ReloadAssembly (1584ms)
		BeginReloadAssembly (67ms)
			ExecutionOrderSort (0ms)
			DisableScriptedObjects (0ms)
			BackupInstance (0ms)
			ReleaseScriptingObjects (0ms)
			CreateAndSetChildDomain (1ms)
		EndReloadAssembly (582ms)
			LoadAssemblies (64ms)
			RebuildTransferFunctionScriptingTraits (0ms)
			SetupTypeCache (194ms)
			ReleaseScriptCaches (0ms)
			RebuildScriptCaches (45ms)
			SetupLoadedEditorAssemblies (219ms)
				LogAssemblyErrors (0ms)
				InitializePlatformSupportModulesInManaged (6ms)
				SetLoadedEditorAssemblies (0ms)
				RefreshPlugins (61ms)
				BeforeProcessingInitializeOnLoad (16ms)
				ProcessInitializeOnLoadAttributes (102ms)
				ProcessInitializeOnLoadMethodAttributes (33ms)
				AfterProcessingInitializeOnLoad (0ms)
				EditorAssembliesLoaded (0ms)
			ExecutionOrderSort2 (0ms)
			AwakeInstancesAfterBackupRestoration (0ms)
Platform modules already initialized, skipping
Registering precompiled user dll's ...
Registered in 0.007293 seconds.
Begin MonoManager ReloadAssembly
Native extension for WindowsStandalone target not found
Refreshing native plugins compatible for Editor in 54.40 ms, found 3 plugins.
Preloading 0 native plugins for Editor in 0.00 ms.
Mono: successfully reloaded assembly
- Completed reload, in  1.468 seconds
Domain Reload Profiling:
	ReloadAssembly (1469ms)
		BeginReloadAssembly (164ms)
			ExecutionOrderSort (0ms)
			DisableScriptedObjects (5ms)
			BackupInstance (0ms)
			ReleaseScriptingObjects (0ms)
			CreateAndSetChildDomain (21ms)
		EndReloadAssembly (1228ms)
			LoadAssemblies (107ms)
			RebuildTransferFunctionScriptingTraits (0ms)
			SetupTypeCache (388ms)
			ReleaseScriptCaches (1ms)
			RebuildScriptCaches (71ms)
			SetupLoadedEditorAssemblies (492ms)
				LogAssemblyErrors (0ms)
				InitializePlatformSupportModulesInManaged (5ms)
				SetLoadedEditorAssemblies (0ms)
				RefreshPlugins (54ms)
				BeforeProcessingInitializeOnLoad (106ms)
				ProcessInitializeOnLoadAttributes (295ms)
				ProcessInitializeOnLoadMethodAttributes (23ms)
				AfterProcessingInitializeOnLoad (8ms)
				EditorAssembliesLoaded (0ms)
			ExecutionOrderSort2 (0ms)
			AwakeInstancesAfterBackupRestoration (8ms)
Platform modules already initialized, skipping
========================================================================
Worker process is ready to serve import requests
Launched and connected shader compiler UnityShaderCompiler.exe after 0.09 seconds
Refreshing native plugins compatible for Editor in 0.49 ms, found 3 plugins.
Preloading 0 native plugins for Editor in 0.00 ms.
Unloading 2227 Unused Serialized files (Serialized files now loaded: 0)
System memory in use before: 96.6 MB.
System memory in use after: 96.7 MB.

Unloading 28 unused Assets to reduce memory usage. Loaded Objects now: 2661.
Total: 3.850200 ms (FindLiveObjects: 0.301700 ms CreateObjectMapping: 0.175600 ms MarkObjects: 3.293100 ms  DeleteObjects: 0.078000 ms)

AssetImportParameters requested are different than current active one (requested -> active):
  requireTextureImportCompression: false -> true
  custom:framework-win-MediaFoundation: 216162199b28c13a410421893ffa2e32 -> 
  custom:video-decoder-ogg-theora: a1e56fd34408186e4bbccfd4996cb3dc -> 
  custom:container-muxer-webm: aa71ff27fc2769a1b78a27578f13a17b -> 
  custom:container-demuxer-webm: 4f35f7cbe854078d1ac9338744f61a02 -> 
  custom:container-demuxer-ogg: 62fdf1f143b41e24485cea50d1cbac27 -> 
  custom:video-encoder-webm-vp8: eb34c28f22e8b96e1ab97ce403110664 -> 
  custom:video-codec-MediaFoundation-h265: 746d11721c4dcdbdad8f713fa42b33f4 -> 
  custom:video-decoder-webm-vp8: 9c59270c3fd7afecdb556c50c9e8de78 -> 
  custom:audio-decoder-ogg-vorbis: bf7c407c2cedff20999df2af8eb42d56 -> 
  custom:audio-encoder-webm-vorbis: bf7c407c2cedff20999df2af8eb42d56 -> 
========================================================================
Received Import Request.
  path: Assets/Unity Project/ScriptableObjects/Items/Weapons/TESTItem4.asset
  artifactKey: Guid(a7885834b8af34b3285eb89ad743cf5e) Importer(815301076,1909f56bfc062723c751e8b465ee728b)
Start importing Assets/Unity Project/ScriptableObjects/Items/Weapons/TESTItem4.asset using Guid(a7885834b8af34b3285eb89ad743cf5e) Importer(815301076,1909f56bfc062723c751e8b465ee728b)  -> (artifact id: '6b61be485e4ef4c5c21dda443e1ca1b3') in 0.060158 seconds 
  Import took 0.064289 seconds .

========================================================================
Received Import Request.
  Time since last request: 0.000237 seconds.
  path: Assets/Unity Project/ScriptableObjects/CharacterUnits/TestPlayerArcher1.asset
  artifactKey: Guid(0bd9b2df8e4534af5a754157960eb214) Importer(815301076,1909f56bfc062723c751e8b465ee728b)
Start importing Assets/Unity Project/ScriptableObjects/CharacterUnits/TestPlayerArcher1.asset using Guid(0bd9b2df8e4534af5a754157960eb214) Importer(815301076,1909f56bfc062723c751e8b465ee728b)  -> (artifact id: 'a1a438a39836adabf87430acf628d512') in 0.028462 seconds 
  Import took 0.032838 seconds .

========================================================================
Received Import Request.
  Time since last request: 0.000415 seconds.
  path: Assets/Unity Project/ScriptableObjects/CharacterUnits/TestAllyWarrior1.asset
  artifactKey: Guid(ecfb94811f4fa4c7cbfd79dc7c45846e) Importer(815301076,1909f56bfc062723c751e8b465ee728b)
Start importing Assets/Unity Project/ScriptableObjects/CharacterUnits/TestAllyWarrior1.asset using Guid(ecfb94811f4fa4c7cbfd79dc7c45846e) Importer(815301076,1909f56bfc062723c751e8b465ee728b)  -> (artifact id: 'c61baae1b5bf7a9a02e0a97180be350b') in 0.023264 seconds 
  Import took 0.027326 seconds .

========================================================================
Received Import Request.
  Time since last request: 0.000277 seconds.
  path: Assets/Unity Project/ScriptableObjects/Items/Healing/Healing Weapons/TESTItem9.asset
  artifactKey: Guid(76ccf0c5c658f4a848c3b1591a68a6db) Importer(815301076,1909f56bfc062723c751e8b465ee728b)
Start importing Assets/Unity Project/ScriptableObjects/Items/Healing/Healing Weapons/TESTItem9.asset using Guid(76ccf0c5c658f4a848c3b1591a68a6db) Importer(815301076,1909f56bfc062723c751e8b465ee728b)  -> (artifact id: '531d19f5bcd2ea80e41cdabd58501a10') in 0.010311 seconds 
  Import took 0.026298 seconds .

========================================================================
Received Import Request.
  Time since last request: 0.000368 seconds.
  path: Assets/Unity Project/ScriptableObjects/Items/Healing/Healing Weapons/TESTItem10.asset
  artifactKey: Guid(984529a5299414d2fb81686045eeada7) Importer(815301076,1909f56bfc062723c751e8b465ee728b)
Start importing Assets/Unity Project/ScriptableObjects/Items/Healing/Healing Weapons/TESTItem10.asset using Guid(984529a5299414d2fb81686045eeada7) Importer(815301076,1909f56bfc062723c751e8b465ee728b)  -> (artifact id: '4981df2b19c3c883ec8e2b727f385954') in 0.012477 seconds 
  Import took 0.016211 seconds .

========================================================================
Received Import Request.
  Time since last request: 0.000191 seconds.
  path: Assets/Unity Project/ScriptableObjects/Items/Weapons/TESTItem5.asset
  artifactKey: Guid(738fb6b917be947ebb757b110d8e823c) Importer(815301076,1909f56bfc062723c751e8b465ee728b)
Start importing Assets/Unity Project/ScriptableObjects/Items/Weapons/TESTItem5.asset using Guid(738fb6b917be947ebb757b110d8e823c) Importer(815301076,1909f56bfc062723c751e8b465ee728b)  -> (artifact id: '07a7522f6c185a63de9a0d8b4e0b3639') in 0.009083 seconds 
  Import took 0.018061 seconds .

========================================================================
Received Import Request.
  Time since last request: 0.000230 seconds.
  path: Assets/Unity Project/ScriptableObjects/CharacterUnits/TESTEnemyWarrior1.asset
  artifactKey: Guid(ff800554047f76d4c8f886b52a98285e) Importer(815301076,1909f56bfc062723c751e8b465ee728b)
Start importing Assets/Unity Project/ScriptableObjects/CharacterUnits/TESTEnemyWarrior1.asset using Guid(ff800554047f76d4c8f886b52a98285e) Importer(815301076,1909f56bfc062723c751e8b465ee728b)  -> (artifact id: '69762784c246001bec159cb056e6e74e') in 0.007794 seconds 
  Import took 0.011878 seconds .

========================================================================
Received Import Request.
  Time since last request: 0.000195 seconds.
  path: Assets/Unity Project/ScriptableObjects/Items/Weapons/TESTItem6.asset
  artifactKey: Guid(8598dc213eb0a4cf09368d92495e43d0) Importer(815301076,1909f56bfc062723c751e8b465ee728b)
Start importing Assets/Unity Project/ScriptableObjects/Items/Weapons/TESTItem6.asset using Guid(8598dc213eb0a4cf09368d92495e43d0) Importer(815301076,1909f56bfc062723c751e8b465ee728b)  -> (artifact id: '79cfd28147a89278bd579b7d62726ec1') in 0.007548 seconds 
  Import took 0.010986 seconds .

========================================================================
Received Import Request.
  Time since last request: 195.034585 seconds.
  path: Assets/Unity Project/Scripts/TileSelectionLogic/TileSelectionManager.cs
  artifactKey: Guid(2717bfd38564509448325da87363c1a2) Importer(815301076,1909f56bfc062723c751e8b465ee728b)
Start importing Assets/Unity Project/Scripts/TileSelectionLogic/TileSelectionManager.cs using Guid(2717bfd38564509448325da87363c1a2) Importer(815301076,1909f56bfc062723c751e8b465ee728b)  -> (artifact id: 'a41d992889dd07b42789afa532d29649') in 0.046723 seconds 
  Import took 0.065174 seconds .

========================================================================
Received Import Request.
  Time since last request: 1.057324 seconds.
  path: Assets/Unity Project/Scripts/TileSelectionLogic/TileSelectionState.cs
  artifactKey: Guid(b85a9b70246428d4d85ae0feaab9200a) Importer(815301076,1909f56bfc062723c751e8b465ee728b)
Start importing Assets/Unity Project/Scripts/TileSelectionLogic/TileSelectionState.cs using Guid(b85a9b70246428d4d85ae0feaab9200a) Importer(815301076,1909f56bfc062723c751e8b465ee728b)  -> (artifact id: '1891aa1b1d09fcfe24ea0c2081280906') in 0.007035 seconds 
  Import took 0.079774 seconds .

========================================================================
Received Import Request.
  Time since last request: 1557.102274 seconds.
  path: Assets/Unity Project/Scripts/TileSelectionLogic/TileSelectionState.cs
  artifactKey: Guid(b85a9b70246428d4d85ae0feaab9200a) Importer(815301076,1909f56bfc062723c751e8b465ee728b)
Start importing Assets/Unity Project/Scripts/TileSelectionLogic/TileSelectionState.cs using Guid(b85a9b70246428d4d85ae0feaab9200a) Importer(815301076,1909f56bfc062723c751e8b465ee728b)  -> (artifact id: '5b334b36c3e97da23011ab84ec7a21a7') in 0.027240 seconds 
  Import took 0.041512 seconds .

========================================================================
Received Prepare
Registering precompiled user dll's ...
Registered in 0.009891 seconds.
Begin MonoManager ReloadAssembly
Native extension for WindowsStandalone target not found
Refreshing native plugins compatible for Editor in 0.61 ms, found 3 plugins.
Preloading 0 native plugins for Editor in 0.00 ms.
Mono: successfully reloaded assembly
- Completed reload, in  8.044 seconds
Domain Reload Profiling:
	ReloadAssembly (8044ms)
		BeginReloadAssembly (250ms)
			ExecutionOrderSort (0ms)
			DisableScriptedObjects (15ms)
			BackupInstance (0ms)
			ReleaseScriptingObjects (0ms)
			CreateAndSetChildDomain (61ms)
		EndReloadAssembly (7635ms)
			LoadAssemblies (413ms)
			RebuildTransferFunctionScriptingTraits (0ms)
			SetupTypeCache (4409ms)
			ReleaseScriptCaches (16ms)
			RebuildScriptCaches (732ms)
			SetupLoadedEditorAssemblies (1179ms)
				LogAssemblyErrors (0ms)
				InitializePlatformSupportModulesInManaged (16ms)
				SetLoadedEditorAssemblies (1ms)
				RefreshPlugins (1ms)
				BeforeProcessingInitializeOnLoad (296ms)
				ProcessInitializeOnLoadAttributes (827ms)
				ProcessInitializeOnLoadMethodAttributes (23ms)
				AfterProcessingInitializeOnLoad (15ms)
				EditorAssembliesLoaded (0ms)
			ExecutionOrderSort2 (0ms)
			AwakeInstancesAfterBackupRestoration (26ms)
Platform modules already initialized, skipping
Refreshing native plugins compatible for Editor in 0.60 ms, found 3 plugins.
Preloading 0 native plugins for Editor in 0.00 ms.
Unloading 2216 Unused Serialized files (Serialized files now loaded: 0)
System memory in use before: 95.9 MB.
System memory in use after: 96.0 MB.

Unloading 17 unused Assets to reduce memory usage. Loaded Objects now: 2663.
Total: 11.376200 ms (FindLiveObjects: 0.269200 ms CreateObjectMapping: 0.147900 ms MarkObjects: 10.882400 ms  DeleteObjects: 0.074200 ms)

AssetImportParameters requested are different than current active one (requested -> active):
  requireTextureImportCompression: false -> true
  custom:framework-win-MediaFoundation: 216162199b28c13a410421893ffa2e32 -> 
  custom:video-decoder-ogg-theora: a1e56fd34408186e4bbccfd4996cb3dc -> 
  custom:container-muxer-webm: aa71ff27fc2769a1b78a27578f13a17b -> 
  custom:container-demuxer-webm: 4f35f7cbe854078d1ac9338744f61a02 -> 
  custom:container-demuxer-ogg: 62fdf1f143b41e24485cea50d1cbac27 -> 
  custom:video-encoder-webm-vp8: eb34c28f22e8b96e1ab97ce403110664 -> 
  custom:video-codec-MediaFoundation-h265: 746d11721c4dcdbdad8f713fa42b33f4 -> 
  custom:video-decoder-webm-vp8: 9c59270c3fd7afecdb556c50c9e8de78 -> 
  custom:audio-decoder-ogg-vorbis: bf7c407c2cedff20999df2af8eb42d56 -> 
  custom:audio-encoder-webm-vorbis: bf7c407c2cedff20999df2af8eb42d56 -> 
========================================================================
Received Import Request.
  Time since last request: 130.776792 seconds.
  path: Assets/Unity Project/Scripts/TileSelectionLogic/TileSelectionState.cs
  artifactKey: Guid(b85a9b70246428d4d85ae0feaab9200a) Importer(815301076,1909f56bfc062723c751e8b465ee728b)
Start importing Assets/Unity Project/Scripts/TileSelectionLogic/TileSelectionState.cs using Guid(b85a9b70246428d4d85ae0feaab9200a) Importer(815301076,1909f56bfc062723c751e8b465ee728b)  -> (artifact id: 'ab6865ec3898cd373085a784a03fe919') in 0.018754 seconds 
  Import took 0.027376 seconds .

========================================================================
Received Prepare
Registering precompiled user dll's ...
Registered in 0.008422 seconds.
Begin MonoManager ReloadAssembly
Native extension for WindowsStandalone target not found
Refreshing native plugins compatible for Editor in 0.54 ms, found 3 plugins.
Preloading 0 native plugins for Editor in 0.00 ms.
Mono: successfully reloaded assembly
- Completed reload, in  1.710 seconds
Domain Reload Profiling:
	ReloadAssembly (1711ms)
		BeginReloadAssembly (197ms)
			ExecutionOrderSort (0ms)
			DisableScriptedObjects (11ms)
			BackupInstance (0ms)
			ReleaseScriptingObjects (0ms)
			CreateAndSetChildDomain (65ms)
		EndReloadAssembly (1391ms)
			LoadAssemblies (147ms)
			RebuildTransferFunctionScriptingTraits (0ms)
			SetupTypeCache (448ms)
			ReleaseScriptCaches (1ms)
			RebuildScriptCaches (111ms)
			SetupLoadedEditorAssemblies (529ms)
				LogAssemblyErrors (0ms)
				InitializePlatformSupportModulesInManaged (8ms)
				SetLoadedEditorAssemblies (1ms)
				RefreshPlugins (1ms)
				BeforeProcessingInitializeOnLoad (169ms)
				ProcessInitializeOnLoadAttributes (318ms)
				ProcessInitializeOnLoadMethodAttributes (19ms)
				AfterProcessingInitializeOnLoad (13ms)
				EditorAssembliesLoaded (0ms)
			ExecutionOrderSort2 (0ms)
			AwakeInstancesAfterBackupRestoration (15ms)
Platform modules already initialized, skipping
Refreshing native plugins compatible for Editor in 0.54 ms, found 3 plugins.
Preloading 0 native plugins for Editor in 0.00 ms.
Unloading 2216 Unused Serialized files (Serialized files now loaded: 0)
System memory in use before: 95.9 MB.
System memory in use after: 96.1 MB.

Unloading 17 unused Assets to reduce memory usage. Loaded Objects now: 2665.
Total: 4.437800 ms (FindLiveObjects: 0.215900 ms CreateObjectMapping: 0.102200 ms MarkObjects: 4.092800 ms  DeleteObjects: 0.025300 ms)

AssetImportParameters requested are different than current active one (requested -> active):
  requireTextureImportCompression: false -> true
  custom:framework-win-MediaFoundation: 216162199b28c13a410421893ffa2e32 -> 
  custom:video-decoder-ogg-theora: a1e56fd34408186e4bbccfd4996cb3dc -> 
  custom:container-muxer-webm: aa71ff27fc2769a1b78a27578f13a17b -> 
  custom:container-demuxer-webm: 4f35f7cbe854078d1ac9338744f61a02 -> 
  custom:container-demuxer-ogg: 62fdf1f143b41e24485cea50d1cbac27 -> 
  custom:video-encoder-webm-vp8: eb34c28f22e8b96e1ab97ce403110664 -> 
  custom:video-codec-MediaFoundation-h265: 746d11721c4dcdbdad8f713fa42b33f4 -> 
  custom:video-decoder-webm-vp8: 9c59270c3fd7afecdb556c50c9e8de78 -> 
  custom:audio-decoder-ogg-vorbis: bf7c407c2cedff20999df2af8eb42d56 -> 
  custom:audio-encoder-webm-vorbis: bf7c407c2cedff20999df2af8eb42d56 -> 
AssetImportWorkerClient::OnTransportError - code=2 error=End of file
